[0m# azurerm_traffic_manager_azure_endpoint.auseast-end:
resource "azurerm_traffic_manager_azure_endpoint" "auseast-end" {
    [1m[0menabled[0m[0m            = true
    [1m[0mgeo_mappings[0m[0m       = [
        "GEO-AP",
    ]
    [1m[0mid[0m[0m                 = "/subscriptions/9d82f010-eede-407a-8567-c528c4daa03d/resourceGroups/auseast-rg/providers/Microsoft.Network/trafficManagerProfiles/ollietraman/AzureEndpoints/auseast-endpoint"
    [1m[0mname[0m[0m               = "auseast-endpoint"
    [1m[0mpriority[0m[0m           = 2
    [1m[0mprofile_id[0m[0m         = "/subscriptions/9d82f010-eede-407a-8567-c528c4daa03d/resourceGroups/auseast-rg/providers/Microsoft.Network/trafficManagerProfiles/ollietraman"
    [1m[0mtarget_resource_id[0m[0m = "/subscriptions/9d82f010-eede-407a-8567-c528c4daa03d/resourceGroups/auseast-rg/providers/Microsoft.Network/publicIPAddresses/PubIPforauseast-rglb1"
    [1m[0mweight[0m[0m             = 100
}

# azurerm_traffic_manager_azure_endpoint.eastasia-end:
resource "azurerm_traffic_manager_azure_endpoint" "eastasia-end" {
    [1m[0menabled[0m[0m            = true
    [1m[0mgeo_mappings[0m[0m       = [
        "GEO-AS",
    ]
    [1m[0mid[0m[0m                 = "/subscriptions/9d82f010-eede-407a-8567-c528c4daa03d/resourceGroups/auseast-rg/providers/Microsoft.Network/trafficManagerProfiles/ollietraman/AzureEndpoints/eastasia-endpoint"
    [1m[0mname[0m[0m               = "eastasia-endpoint"
    [1m[0mpriority[0m[0m           = 1
    [1m[0mprofile_id[0m[0m         = "/subscriptions/9d82f010-eede-407a-8567-c528c4daa03d/resourceGroups/auseast-rg/providers/Microsoft.Network/trafficManagerProfiles/ollietraman"
    [1m[0mtarget_resource_id[0m[0m = "/subscriptions/9d82f010-eede-407a-8567-c528c4daa03d/resourceGroups/eastasia-rg/providers/Microsoft.Network/publicIPAddresses/PubIPforeastasia-rglb1"
    [1m[0mweight[0m[0m             = 100
}

# azurerm_traffic_manager_profile.rg:
resource "azurerm_traffic_manager_profile" "rg" {
    [1m[0mfqdn[0m[0m                   = "ollie-profile.trafficmanager.net"
    [1m[0mid[0m[0m                     = "/subscriptions/9d82f010-eede-407a-8567-c528c4daa03d/resourceGroups/auseast-rg/providers/Microsoft.Network/trafficManagerProfiles/ollietraman"
    [1m[0mmax_return[0m[0m             = 0
    [1m[0mname[0m[0m                   = "ollietraman"
    [1m[0mprofile_status[0m[0m         = "Enabled"
    [1m[0mresource_group_name[0m[0m    = "auseast-rg"
    [1m[0mtraffic_routing_method[0m[0m = "Geographic"
    [1m[0mtraffic_view_enabled[0m[0m   = false

    dns_config {
        [1m[0mrelative_name[0m[0m = "ollie-profile"
        [1m[0mttl[0m[0m           = 100
    }

    monitor_config {
        [1m[0mexpected_status_code_ranges[0m[0m  = [
            "200-299",
            "301-301",
        ]
        [1m[0minterval_in_seconds[0m[0m          = 30
        [1m[0mport[0m[0m                         = 80
        [1m[0mprotocol[0m[0m                     = "TCP"
        [1m[0mtimeout_in_seconds[0m[0m           = 9
        [1m[0mtolerated_number_of_failures[0m[0m = 3
    }
}


# module.lb_config_auseast.azurerm_availability_set.rg:
resource "azurerm_availability_set" "rg" {
    [1m[0mid[0m[0m                           = "/subscriptions/9d82f010-eede-407a-8567-c528c4daa03d/resourceGroups/auseast-rg/providers/Microsoft.Compute/availabilitySets/availSet-1"
    [1m[0mlocation[0m[0m                     = "australiaeast"
    [1m[0mmanaged[0m[0m                      = true
    [1m[0mname[0m[0m                         = "availSet-1"
    [1m[0mplatform_fault_domain_count[0m[0m  = 2
    [1m[0mplatform_update_domain_count[0m[0m = 5
    [1m[0mresource_group_name[0m[0m          = "auseast-rg"
}

# module.lb_config_auseast.azurerm_lb.rg:
resource "azurerm_lb" "rg" {
    [1m[0mid[0m[0m                   = "/subscriptions/9d82f010-eede-407a-8567-c528c4daa03d/resourceGroups/auseast-rg/providers/Microsoft.Network/loadBalancers/auseast-rglb1"
    [1m[0mlocation[0m[0m             = "australiaeast"
    [1m[0mname[0m[0m                 = "auseast-rglb1"
    [1m[0mprivate_ip_addresses[0m[0m = []
    [1m[0mresource_group_name[0m[0m  = "auseast-rg"
    [1m[0msku[0m[0m                  = "Standard"
    [1m[0msku_tier[0m[0m             = "Regional"

    frontend_ip_configuration {
        [1m[0mavailability_zone[0m[0m             = "No-Zone"
        [1m[0mid[0m[0m                            = "/subscriptions/9d82f010-eede-407a-8567-c528c4daa03d/resourceGroups/auseast-rg/providers/Microsoft.Network/loadBalancers/auseast-rglb1/frontendIPConfigurations/myFrontend"
        [1m[0minbound_nat_rules[0m[0m             = []
        [1m[0mload_balancer_rules[0m[0m           = []
        [1m[0mname[0m[0m                          = "myFrontend"
        [1m[0moutbound_rules[0m[0m                = []
        [1m[0mprivate_ip_address_allocation[0m[0m = "Dynamic"
        [1m[0mpublic_ip_address_id[0m[0m          = "/subscriptions/9d82f010-eede-407a-8567-c528c4daa03d/resourceGroups/auseast-rg/providers/Microsoft.Network/publicIPAddresses/PubIPforauseast-rglb1"
        [1m[0mzones[0m[0m                         = []
    }
}

# module.lb_config_auseast.azurerm_lb_backend_address_pool.rg:
resource "azurerm_lb_backend_address_pool" "rg" {
    [1m[0mbackend_ip_configurations[0m[0m = []
    [1m[0mid[0m[0m                        = "/subscriptions/9d82f010-eede-407a-8567-c528c4daa03d/resourceGroups/auseast-rg/providers/Microsoft.Network/loadBalancers/auseast-rglb1/backendAddressPools/BackEndAddressPool"
    [1m[0mload_balancing_rules[0m[0m      = []
    [1m[0mloadbalancer_id[0m[0m           = "/subscriptions/9d82f010-eede-407a-8567-c528c4daa03d/resourceGroups/auseast-rg/providers/Microsoft.Network/loadBalancers/auseast-rglb1"
    [1m[0mname[0m[0m                      = "BackEndAddressPool"
    [1m[0moutbound_rules[0m[0m            = []
    [1m[0mresource_group_name[0m[0m       = "auseast-rg"
}

# module.lb_config_auseast.azurerm_lb_probe.rg:
resource "azurerm_lb_probe" "rg" {
    [1m[0mid[0m[0m                  = "/subscriptions/9d82f010-eede-407a-8567-c528c4daa03d/resourceGroups/auseast-rg/providers/Microsoft.Network/loadBalancers/auseast-rglb1/probes/ssh-running-probe"
    [1m[0minterval_in_seconds[0m[0m = 15
    [1m[0mload_balancer_rules[0m[0m = []
    [1m[0mloadbalancer_id[0m[0m     = "/subscriptions/9d82f010-eede-407a-8567-c528c4daa03d/resourceGroups/auseast-rg/providers/Microsoft.Network/loadBalancers/auseast-rglb1"
    [1m[0mname[0m[0m                = "ssh-running-probe"
    [1m[0mnumber_of_probes[0m[0m    = 2
    [1m[0mport[0m[0m                = 22
    [1m[0mprotocol[0m[0m            = "Tcp"
    [1m[0mresource_group_name[0m[0m = "auseast-rg"
}

# module.lb_config_auseast.azurerm_lb_rule.rg:
resource "azurerm_lb_rule" "rg" {
    [1m[0mbackend_address_pool_id[0m[0m        = "/subscriptions/9d82f010-eede-407a-8567-c528c4daa03d/resourceGroups/auseast-rg/providers/Microsoft.Network/loadBalancers/auseast-rglb1/backendAddressPools/BackEndAddressPool"
    [1m[0mbackend_address_pool_ids[0m[0m       = [
        "/subscriptions/9d82f010-eede-407a-8567-c528c4daa03d/resourceGroups/auseast-rg/providers/Microsoft.Network/loadBalancers/auseast-rglb1/backendAddressPools/BackEndAddressPool",
    ]
    [1m[0mbackend_port[0m[0m                   = 80
    [1m[0mdisable_outbound_snat[0m[0m          = false
    [1m[0menable_floating_ip[0m[0m             = false
    [1m[0menable_tcp_reset[0m[0m               = false
    [1m[0mfrontend_ip_configuration_id[0m[0m   = "/subscriptions/9d82f010-eede-407a-8567-c528c4daa03d/resourceGroups/auseast-rg/providers/Microsoft.Network/loadBalancers/auseast-rglb1/frontendIPConfigurations/myFrontend"
    [1m[0mfrontend_ip_configuration_name[0m[0m = "myFrontend"
    [1m[0mfrontend_port[0m[0m                  = 80
    [1m[0mid[0m[0m                             = "/subscriptions/9d82f010-eede-407a-8567-c528c4daa03d/resourceGroups/auseast-rg/providers/Microsoft.Network/loadBalancers/auseast-rglb1/loadBalancingRules/myHTTPRule"
    [1m[0midle_timeout_in_minutes[0m[0m        = 4
    [1m[0mload_distribution[0m[0m              = "Default"
    [1m[0mloadbalancer_id[0m[0m                = "/subscriptions/9d82f010-eede-407a-8567-c528c4daa03d/resourceGroups/auseast-rg/providers/Microsoft.Network/loadBalancers/auseast-rglb1"
    [1m[0mname[0m[0m                           = "myHTTPRule"
    [1m[0mprobe_id[0m[0m                       = "/subscriptions/9d82f010-eede-407a-8567-c528c4daa03d/resourceGroups/auseast-rg/providers/Microsoft.Network/loadBalancers/auseast-rglb1/probes/ssh-running-probe"
    [1m[0mprotocol[0m[0m                       = "Tcp"
    [1m[0mresource_group_name[0m[0m            = "auseast-rg"
}

# module.lb_config_auseast.azurerm_linux_virtual_machine.rg[0]:
resource "azurerm_linux_virtual_machine" "rg" {
    [1m[0madmin_username[0m[0m                  = "adminuser"
    [1m[0mallow_extension_operations[0m[0m      = true
    [1m[0mavailability_set_id[0m[0m             = "/subscriptions/9d82f010-eede-407a-8567-c528c4daa03d/resourceGroups/auseast-rg/providers/Microsoft.Compute/availabilitySets/AVAILSET-1"
    [1m[0mcomputer_name[0m[0m                   = "azurevm-0"
    [1m[0mdisable_password_authentication[0m[0m = true
    [1m[0mencryption_at_host_enabled[0m[0m      = false
    [1m[0mextensions_time_budget[0m[0m          = "PT1H30M"
    [1m[0mid[0m[0m                              = "/subscriptions/9d82f010-eede-407a-8567-c528c4daa03d/resourceGroups/auseast-rg/providers/Microsoft.Compute/virtualMachines/azurevm-0"
    [1m[0mlocation[0m[0m                        = "australiaeast"
    [1m[0mmax_bid_price[0m[0m                   = -1
    [1m[0mname[0m[0m                            = "azurevm-0"
    [1m[0mnetwork_interface_ids[0m[0m           = [
        "/subscriptions/9d82f010-eede-407a-8567-c528c4daa03d/resourceGroups/auseast-rg/providers/Microsoft.Network/networkInterfaces/nic-0",
    ]
    [1m[0mpatch_mode[0m[0m                      = "ImageDefault"
    [1m[0mplatform_fault_domain[0m[0m           = -1
    [1m[0mpriority[0m[0m                        = "Regular"
    [1m[0mprivate_ip_address[0m[0m              = "10.1.0.5"
    [1m[0mprivate_ip_addresses[0m[0m            = [
        "10.1.0.5",
    ]
    [1m[0mprovision_vm_agent[0m[0m              = true
    [1m[0mpublic_ip_addresses[0m[0m             = []
    [1m[0mresource_group_name[0m[0m             = "auseast-rg"
    [1m[0msecure_boot_enabled[0m[0m             = false
    [1m[0msize[0m[0m                            = "Standard_B1s"
    [1m[0mvirtual_machine_id[0m[0m              = "de60e7b5-ee58-40c9-a87d-0f7f7304f4c9"
    [1m[0mvtpm_enabled[0m[0m                    = false

    admin_ssh_key {
        [1m[0mpublic_key[0m[0m = <<-EOT
            ssh-rsa AAAAB3NzaC1yc2EAAAADAQABAAABgQDUeadqobdkb7rBZBHGc0or+Ty+ksrmkGON2XYvm4ONwdDVavYg3aX4/XGykDfQtjOBy5BOrFPKlSdPWw/Uo11bguGfGKNNIuuzhADwrtxQT8WwyVxYpMz2u+yNNOeSOwkt/aGnzJhGoHDlb/0fkiEb7mP37Cw1gt7Q77GomExqFagX/yq3St/1xebljqEYB4S/teCBkNWGYuqZomtrOeHJbycw5F465ihA12/7YBcM+ngpjcNw2bmzbZQEZabBlwAusRdyMkPzgYHzuao7TFishPOcMgzUPgLtm8JNy/Kbog6Fvi8Q4TAo1DPVFx+9GMOXnnFkxi5HLM47yvB/vsoL7SGisAB7jjn5rFGf6R2Czg93cMyakjsjrN6aYxK1mRBHy5wYpg364L8mJd55mpyImITxpn5RDtWhhcOWojB2HnMqNvtY9jGfNxCxezwVWLnMNNY0Dp3VofFc03/4VW6BhC+VYc9B2SgzTyiB/ZaEf5pOWGoGd5miXp0wTcwPhHM= chrisa.boyd@sas.com
        EOT
        [1m[0musername[0m[0m   = "adminuser"
    }

    os_disk {
        [1m[0mcaching[0m[0m                   = "ReadWrite"
        [1m[0mdisk_size_gb[0m[0m              = 30
        [1m[0mname[0m[0m                      = "azurevm-0_OsDisk_1_352f4e6467674341b20a393337bc54cf"
        [1m[0mstorage_account_type[0m[0m      = "Standard_LRS"
        [1m[0mwrite_accelerator_enabled[0m[0m = false
    }

    source_image_reference {
        [1m[0moffer[0m[0m     = "UbuntuServer"
        [1m[0mpublisher[0m[0m = "Canonical"
        [1m[0msku[0m[0m       = "16.04-LTS"
        [1m[0mversion[0m[0m   = "latest"
    }
}

# module.lb_config_auseast.azurerm_linux_virtual_machine.rg[1]:
resource "azurerm_linux_virtual_machine" "rg" {
    [1m[0madmin_username[0m[0m                  = "adminuser"
    [1m[0mallow_extension_operations[0m[0m      = true
    [1m[0mavailability_set_id[0m[0m             = "/subscriptions/9d82f010-eede-407a-8567-c528c4daa03d/resourceGroups/auseast-rg/providers/Microsoft.Compute/availabilitySets/AVAILSET-1"
    [1m[0mcomputer_name[0m[0m                   = "azurevm-1"
    [1m[0mdisable_password_authentication[0m[0m = true
    [1m[0mencryption_at_host_enabled[0m[0m      = false
    [1m[0mextensions_time_budget[0m[0m          = "PT1H30M"
    [1m[0mid[0m[0m                              = "/subscriptions/9d82f010-eede-407a-8567-c528c4daa03d/resourceGroups/auseast-rg/providers/Microsoft.Compute/virtualMachines/azurevm-1"
    [1m[0mlocation[0m[0m                        = "australiaeast"
    [1m[0mmax_bid_price[0m[0m                   = -1
    [1m[0mname[0m[0m                            = "azurevm-1"
    [1m[0mnetwork_interface_ids[0m[0m           = [
        "/subscriptions/9d82f010-eede-407a-8567-c528c4daa03d/resourceGroups/auseast-rg/providers/Microsoft.Network/networkInterfaces/nic-1",
    ]
    [1m[0mpatch_mode[0m[0m                      = "ImageDefault"
    [1m[0mplatform_fault_domain[0m[0m           = -1
    [1m[0mpriority[0m[0m                        = "Regular"
    [1m[0mprivate_ip_address[0m[0m              = "10.1.0.4"
    [1m[0mprivate_ip_addresses[0m[0m            = [
        "10.1.0.4",
    ]
    [1m[0mprovision_vm_agent[0m[0m              = true
    [1m[0mpublic_ip_addresses[0m[0m             = []
    [1m[0mresource_group_name[0m[0m             = "auseast-rg"
    [1m[0msecure_boot_enabled[0m[0m             = false
    [1m[0msize[0m[0m                            = "Standard_B1s"
    [1m[0mvirtual_machine_id[0m[0m              = "dda92590-3413-4742-81aa-f2a51718e291"
    [1m[0mvtpm_enabled[0m[0m                    = false

    admin_ssh_key {
        [1m[0mpublic_key[0m[0m = <<-EOT
            ssh-rsa AAAAB3NzaC1yc2EAAAADAQABAAABgQDUeadqobdkb7rBZBHGc0or+Ty+ksrmkGON2XYvm4ONwdDVavYg3aX4/XGykDfQtjOBy5BOrFPKlSdPWw/Uo11bguGfGKNNIuuzhADwrtxQT8WwyVxYpMz2u+yNNOeSOwkt/aGnzJhGoHDlb/0fkiEb7mP37Cw1gt7Q77GomExqFagX/yq3St/1xebljqEYB4S/teCBkNWGYuqZomtrOeHJbycw5F465ihA12/7YBcM+ngpjcNw2bmzbZQEZabBlwAusRdyMkPzgYHzuao7TFishPOcMgzUPgLtm8JNy/Kbog6Fvi8Q4TAo1DPVFx+9GMOXnnFkxi5HLM47yvB/vsoL7SGisAB7jjn5rFGf6R2Czg93cMyakjsjrN6aYxK1mRBHy5wYpg364L8mJd55mpyImITxpn5RDtWhhcOWojB2HnMqNvtY9jGfNxCxezwVWLnMNNY0Dp3VofFc03/4VW6BhC+VYc9B2SgzTyiB/ZaEf5pOWGoGd5miXp0wTcwPhHM= chrisa.boyd@sas.com
        EOT
        [1m[0musername[0m[0m   = "adminuser"
    }

    os_disk {
        [1m[0mcaching[0m[0m                   = "ReadWrite"
        [1m[0mdisk_size_gb[0m[0m              = 30
        [1m[0mname[0m[0m                      = "azurevm-1_OsDisk_1_7cf5ba789f5144138675b5768f7c5974"
        [1m[0mstorage_account_type[0m[0m      = "Standard_LRS"
        [1m[0mwrite_accelerator_enabled[0m[0m = false
    }

    source_image_reference {
        [1m[0moffer[0m[0m     = "UbuntuServer"
        [1m[0mpublisher[0m[0m = "Canonical"
        [1m[0msku[0m[0m       = "16.04-LTS"
        [1m[0mversion[0m[0m   = "latest"
    }
}

# module.lb_config_auseast.azurerm_network_interface.rg[0]:
resource "azurerm_network_interface" "rg" {
    [1m[0mapplied_dns_servers[0m[0m           = []
    [1m[0mdns_servers[0m[0m                   = []
    [1m[0menable_accelerated_networking[0m[0m = false
    [1m[0menable_ip_forwarding[0m[0m          = false
    [1m[0mid[0m[0m                            = "/subscriptions/9d82f010-eede-407a-8567-c528c4daa03d/resourceGroups/auseast-rg/providers/Microsoft.Network/networkInterfaces/nic-0"
    [1m[0minternal_domain_name_suffix[0m[0m   = "fbhyu2ge3zqevhmpajt1ck5rzd.px.internal.cloudapp.net"
    [1m[0mlocation[0m[0m                      = "australiaeast"
    [1m[0mname[0m[0m                          = "nic-0"
    [1m[0mprivate_ip_address[0m[0m            = "10.1.0.5"
    [1m[0mprivate_ip_addresses[0m[0m          = [
        "10.1.0.5",
    ]
    [1m[0mresource_group_name[0m[0m           = "auseast-rg"

    ip_configuration {
        [1m[0mname[0m[0m                          = "config-0"
        [1m[0mprimary[0m[0m                       = true
        [1m[0mprivate_ip_address[0m[0m            = "10.1.0.5"
        [1m[0mprivate_ip_address_allocation[0m[0m = "Dynamic"
        [1m[0mprivate_ip_address_version[0m[0m    = "IPv4"
        [1m[0msubnet_id[0m[0m                     = "/subscriptions/9d82f010-eede-407a-8567-c528c4daa03d/resourceGroups/auseast-rg/providers/Microsoft.Network/virtualNetworks/myVnet/subnets/backendSubnet"
    }
}

# module.lb_config_auseast.azurerm_network_interface.rg[1]:
resource "azurerm_network_interface" "rg" {
    [1m[0mapplied_dns_servers[0m[0m           = []
    [1m[0mdns_servers[0m[0m                   = []
    [1m[0menable_accelerated_networking[0m[0m = false
    [1m[0menable_ip_forwarding[0m[0m          = false
    [1m[0mid[0m[0m                            = "/subscriptions/9d82f010-eede-407a-8567-c528c4daa03d/resourceGroups/auseast-rg/providers/Microsoft.Network/networkInterfaces/nic-1"
    [1m[0minternal_domain_name_suffix[0m[0m   = "fbhyu2ge3zqevhmpajt1ck5rzd.px.internal.cloudapp.net"
    [1m[0mlocation[0m[0m                      = "australiaeast"
    [1m[0mname[0m[0m                          = "nic-1"
    [1m[0mprivate_ip_address[0m[0m            = "10.1.0.4"
    [1m[0mprivate_ip_addresses[0m[0m          = [
        "10.1.0.4",
    ]
    [1m[0mresource_group_name[0m[0m           = "auseast-rg"

    ip_configuration {
        [1m[0mname[0m[0m                          = "config-1"
        [1m[0mprimary[0m[0m                       = true
        [1m[0mprivate_ip_address[0m[0m            = "10.1.0.4"
        [1m[0mprivate_ip_address_allocation[0m[0m = "Dynamic"
        [1m[0mprivate_ip_address_version[0m[0m    = "IPv4"
        [1m[0msubnet_id[0m[0m                     = "/subscriptions/9d82f010-eede-407a-8567-c528c4daa03d/resourceGroups/auseast-rg/providers/Microsoft.Network/virtualNetworks/myVnet/subnets/backendSubnet"
    }
}

# module.lb_config_auseast.azurerm_network_interface_backend_address_pool_association.rg[0]:
resource "azurerm_network_interface_backend_address_pool_association" "rg" {
    [1m[0mbackend_address_pool_id[0m[0m = "/subscriptions/9d82f010-eede-407a-8567-c528c4daa03d/resourceGroups/auseast-rg/providers/Microsoft.Network/loadBalancers/auseast-rglb1/backendAddressPools/BackEndAddressPool"
    [1m[0mid[0m[0m                      = "/subscriptions/9d82f010-eede-407a-8567-c528c4daa03d/resourceGroups/auseast-rg/providers/Microsoft.Network/networkInterfaces/nic-0/ipConfigurations/config-0|/subscriptions/9d82f010-eede-407a-8567-c528c4daa03d/resourceGroups/auseast-rg/providers/Microsoft.Network/loadBalancers/auseast-rglb1/backendAddressPools/BackEndAddressPool"
    [1m[0mip_configuration_name[0m[0m   = "config-0"
    [1m[0mnetwork_interface_id[0m[0m    = "/subscriptions/9d82f010-eede-407a-8567-c528c4daa03d/resourceGroups/auseast-rg/providers/Microsoft.Network/networkInterfaces/nic-0"
}

# module.lb_config_auseast.azurerm_network_interface_backend_address_pool_association.rg[1]:
resource "azurerm_network_interface_backend_address_pool_association" "rg" {
    [1m[0mbackend_address_pool_id[0m[0m = "/subscriptions/9d82f010-eede-407a-8567-c528c4daa03d/resourceGroups/auseast-rg/providers/Microsoft.Network/loadBalancers/auseast-rglb1/backendAddressPools/BackEndAddressPool"
    [1m[0mid[0m[0m                      = "/subscriptions/9d82f010-eede-407a-8567-c528c4daa03d/resourceGroups/auseast-rg/providers/Microsoft.Network/networkInterfaces/nic-1/ipConfigurations/config-1|/subscriptions/9d82f010-eede-407a-8567-c528c4daa03d/resourceGroups/auseast-rg/providers/Microsoft.Network/loadBalancers/auseast-rglb1/backendAddressPools/BackEndAddressPool"
    [1m[0mip_configuration_name[0m[0m   = "config-1"
    [1m[0mnetwork_interface_id[0m[0m    = "/subscriptions/9d82f010-eede-407a-8567-c528c4daa03d/resourceGroups/auseast-rg/providers/Microsoft.Network/networkInterfaces/nic-1"
}

# module.lb_config_auseast.azurerm_public_ip.rg:
resource "azurerm_public_ip" "rg" {
    [1m[0mallocation_method[0m[0m       = "Static"
    [1m[0mavailability_zone[0m[0m       = "Zone-Redundant"
    [1m[0mdomain_name_label[0m[0m       = "auseast-rglb1"
    [1m[0mfqdn[0m[0m                    = "auseast-rglb1.australiaeast.cloudapp.azure.com"
    [1m[0mid[0m[0m                      = "/subscriptions/9d82f010-eede-407a-8567-c528c4daa03d/resourceGroups/auseast-rg/providers/Microsoft.Network/publicIPAddresses/PubIPforauseast-rglb1"
    [1m[0midle_timeout_in_minutes[0m[0m = 4
    [1m[0mip_address[0m[0m              = "20.53.190.243"
    [1m[0mip_version[0m[0m              = "IPv4"
    [1m[0mlocation[0m[0m                = "australiaeast"
    [1m[0mname[0m[0m                    = "PubIPforauseast-rglb1"
    [1m[0mresource_group_name[0m[0m     = "auseast-rg"
    [1m[0msku[0m[0m                     = "Standard"
    [1m[0msku_tier[0m[0m                = "Regional"
    [1m[0mzones[0m[0m                   = []
}

# module.lb_config_auseast.azurerm_resource_group.rg:
resource "azurerm_resource_group" "rg" {
    [1m[0mid[0m[0m       = "/subscriptions/9d82f010-eede-407a-8567-c528c4daa03d/resourceGroups/auseast-rg"
    [1m[0mlocation[0m[0m = "australiaeast"
    [1m[0mname[0m[0m     = "auseast-rg"
}

# module.lb_config_auseast.azurerm_subnet.rg:
resource "azurerm_subnet" "rg" {
    [1m[0maddress_prefix[0m[0m                                 = "10.1.0.0/24"
    [1m[0maddress_prefixes[0m[0m                               = [
        "10.1.0.0/24",
    ]
    [1m[0menforce_private_link_endpoint_network_policies[0m[0m = false
    [1m[0menforce_private_link_service_network_policies[0m[0m  = false
    [1m[0mid[0m[0m                                             = "/subscriptions/9d82f010-eede-407a-8567-c528c4daa03d/resourceGroups/auseast-rg/providers/Microsoft.Network/virtualNetworks/myVnet/subnets/backendSubnet"
    [1m[0mname[0m[0m                                           = "backendSubnet"
    [1m[0mresource_group_name[0m[0m                            = "auseast-rg"
    [1m[0mvirtual_network_name[0m[0m                           = "myVnet"
}

# module.lb_config_auseast.azurerm_virtual_network.rg:
resource "azurerm_virtual_network" "rg" {
    [1m[0maddress_space[0m[0m           = [
        "10.1.0.0/16",
    ]
    [1m[0mdns_servers[0m[0m             = []
    [1m[0mflow_timeout_in_minutes[0m[0m = 0
    [1m[0mguid[0m[0m                    = "708a4f28-eec4-4a60-9d8f-0267b12bf1cb"
    [1m[0mid[0m[0m                      = "/subscriptions/9d82f010-eede-407a-8567-c528c4daa03d/resourceGroups/auseast-rg/providers/Microsoft.Network/virtualNetworks/myVnet"
    [1m[0mlocation[0m[0m                = "australiaeast"
    [1m[0mname[0m[0m                    = "myVnet"
    [1m[0mresource_group_name[0m[0m     = "auseast-rg"
    [1m[0msubnet[0m[0m                  = []
    [1m[0mvm_protection_enabled[0m[0m   = false
}


# module.lb_config_eastasia.azurerm_availability_set.rg:
resource "azurerm_availability_set" "rg" {
    [1m[0mid[0m[0m                           = "/subscriptions/9d82f010-eede-407a-8567-c528c4daa03d/resourceGroups/eastasia-rg/providers/Microsoft.Compute/availabilitySets/availSet-1"
    [1m[0mlocation[0m[0m                     = "eastasia"
    [1m[0mmanaged[0m[0m                      = true
    [1m[0mname[0m[0m                         = "availSet-1"
    [1m[0mplatform_fault_domain_count[0m[0m  = 2
    [1m[0mplatform_update_domain_count[0m[0m = 5
    [1m[0mresource_group_name[0m[0m          = "eastasia-rg"
}

# module.lb_config_eastasia.azurerm_lb.rg:
resource "azurerm_lb" "rg" {
    [1m[0mid[0m[0m                   = "/subscriptions/9d82f010-eede-407a-8567-c528c4daa03d/resourceGroups/eastasia-rg/providers/Microsoft.Network/loadBalancers/eastasia-rglb1"
    [1m[0mlocation[0m[0m             = "eastasia"
    [1m[0mname[0m[0m                 = "eastasia-rglb1"
    [1m[0mprivate_ip_addresses[0m[0m = []
    [1m[0mresource_group_name[0m[0m  = "eastasia-rg"
    [1m[0msku[0m[0m                  = "Standard"
    [1m[0msku_tier[0m[0m             = "Regional"

    frontend_ip_configuration {
        [1m[0mavailability_zone[0m[0m             = "No-Zone"
        [1m[0mid[0m[0m                            = "/subscriptions/9d82f010-eede-407a-8567-c528c4daa03d/resourceGroups/eastasia-rg/providers/Microsoft.Network/loadBalancers/eastasia-rglb1/frontendIPConfigurations/myFrontend"
        [1m[0minbound_nat_rules[0m[0m             = []
        [1m[0mload_balancer_rules[0m[0m           = []
        [1m[0mname[0m[0m                          = "myFrontend"
        [1m[0moutbound_rules[0m[0m                = []
        [1m[0mprivate_ip_address_allocation[0m[0m = "Dynamic"
        [1m[0mpublic_ip_address_id[0m[0m          = "/subscriptions/9d82f010-eede-407a-8567-c528c4daa03d/resourceGroups/eastasia-rg/providers/Microsoft.Network/publicIPAddresses/PubIPforeastasia-rglb1"
        [1m[0mzones[0m[0m                         = []
    }
}

# module.lb_config_eastasia.azurerm_lb_backend_address_pool.rg:
resource "azurerm_lb_backend_address_pool" "rg" {
    [1m[0mbackend_ip_configurations[0m[0m = []
    [1m[0mid[0m[0m                        = "/subscriptions/9d82f010-eede-407a-8567-c528c4daa03d/resourceGroups/eastasia-rg/providers/Microsoft.Network/loadBalancers/eastasia-rglb1/backendAddressPools/BackEndAddressPool"
    [1m[0mload_balancing_rules[0m[0m      = []
    [1m[0mloadbalancer_id[0m[0m           = "/subscriptions/9d82f010-eede-407a-8567-c528c4daa03d/resourceGroups/eastasia-rg/providers/Microsoft.Network/loadBalancers/eastasia-rglb1"
    [1m[0mname[0m[0m                      = "BackEndAddressPool"
    [1m[0moutbound_rules[0m[0m            = []
    [1m[0mresource_group_name[0m[0m       = "eastasia-rg"
}

# module.lb_config_eastasia.azurerm_lb_probe.rg:
resource "azurerm_lb_probe" "rg" {
    [1m[0mid[0m[0m                  = "/subscriptions/9d82f010-eede-407a-8567-c528c4daa03d/resourceGroups/eastasia-rg/providers/Microsoft.Network/loadBalancers/eastasia-rglb1/probes/ssh-running-probe"
    [1m[0minterval_in_seconds[0m[0m = 15
    [1m[0mload_balancer_rules[0m[0m = []
    [1m[0mloadbalancer_id[0m[0m     = "/subscriptions/9d82f010-eede-407a-8567-c528c4daa03d/resourceGroups/eastasia-rg/providers/Microsoft.Network/loadBalancers/eastasia-rglb1"
    [1m[0mname[0m[0m                = "ssh-running-probe"
    [1m[0mnumber_of_probes[0m[0m    = 2
    [1m[0mport[0m[0m                = 22
    [1m[0mprotocol[0m[0m            = "Tcp"
    [1m[0mresource_group_name[0m[0m = "eastasia-rg"
}

# module.lb_config_eastasia.azurerm_lb_rule.rg:
resource "azurerm_lb_rule" "rg" {
    [1m[0mbackend_address_pool_id[0m[0m        = "/subscriptions/9d82f010-eede-407a-8567-c528c4daa03d/resourceGroups/eastasia-rg/providers/Microsoft.Network/loadBalancers/eastasia-rglb1/backendAddressPools/BackEndAddressPool"
    [1m[0mbackend_address_pool_ids[0m[0m       = [
        "/subscriptions/9d82f010-eede-407a-8567-c528c4daa03d/resourceGroups/eastasia-rg/providers/Microsoft.Network/loadBalancers/eastasia-rglb1/backendAddressPools/BackEndAddressPool",
    ]
    [1m[0mbackend_port[0m[0m                   = 80
    [1m[0mdisable_outbound_snat[0m[0m          = false
    [1m[0menable_floating_ip[0m[0m             = false
    [1m[0menable_tcp_reset[0m[0m               = false
    [1m[0mfrontend_ip_configuration_id[0m[0m   = "/subscriptions/9d82f010-eede-407a-8567-c528c4daa03d/resourceGroups/eastasia-rg/providers/Microsoft.Network/loadBalancers/eastasia-rglb1/frontendIPConfigurations/myFrontend"
    [1m[0mfrontend_ip_configuration_name[0m[0m = "myFrontend"
    [1m[0mfrontend_port[0m[0m                  = 80
    [1m[0mid[0m[0m                             = "/subscriptions/9d82f010-eede-407a-8567-c528c4daa03d/resourceGroups/eastasia-rg/providers/Microsoft.Network/loadBalancers/eastasia-rglb1/loadBalancingRules/myHTTPRule"
    [1m[0midle_timeout_in_minutes[0m[0m        = 4
    [1m[0mload_distribution[0m[0m              = "Default"
    [1m[0mloadbalancer_id[0m[0m                = "/subscriptions/9d82f010-eede-407a-8567-c528c4daa03d/resourceGroups/eastasia-rg/providers/Microsoft.Network/loadBalancers/eastasia-rglb1"
    [1m[0mname[0m[0m                           = "myHTTPRule"
    [1m[0mprobe_id[0m[0m                       = "/subscriptions/9d82f010-eede-407a-8567-c528c4daa03d/resourceGroups/eastasia-rg/providers/Microsoft.Network/loadBalancers/eastasia-rglb1/probes/ssh-running-probe"
    [1m[0mprotocol[0m[0m                       = "Tcp"
    [1m[0mresource_group_name[0m[0m            = "eastasia-rg"
}

# module.lb_config_eastasia.azurerm_linux_virtual_machine.rg[0]:
resource "azurerm_linux_virtual_machine" "rg" {
    [1m[0madmin_username[0m[0m                  = "adminuser"
    [1m[0mallow_extension_operations[0m[0m      = true
    [1m[0mavailability_set_id[0m[0m             = "/subscriptions/9d82f010-eede-407a-8567-c528c4daa03d/resourceGroups/eastasia-rg/providers/Microsoft.Compute/availabilitySets/AVAILSET-1"
    [1m[0mcomputer_name[0m[0m                   = "azurevm-0"
    [1m[0mdisable_password_authentication[0m[0m = true
    [1m[0mencryption_at_host_enabled[0m[0m      = false
    [1m[0mextensions_time_budget[0m[0m          = "PT1H30M"
    [1m[0mid[0m[0m                              = "/subscriptions/9d82f010-eede-407a-8567-c528c4daa03d/resourceGroups/eastasia-rg/providers/Microsoft.Compute/virtualMachines/azurevm-0"
    [1m[0mlocation[0m[0m                        = "eastasia"
    [1m[0mmax_bid_price[0m[0m                   = -1
    [1m[0mname[0m[0m                            = "azurevm-0"
    [1m[0mnetwork_interface_ids[0m[0m           = [
        "/subscriptions/9d82f010-eede-407a-8567-c528c4daa03d/resourceGroups/eastasia-rg/providers/Microsoft.Network/networkInterfaces/nic-0",
    ]
    [1m[0mpatch_mode[0m[0m                      = "ImageDefault"
    [1m[0mplatform_fault_domain[0m[0m           = -1
    [1m[0mpriority[0m[0m                        = "Regular"
    [1m[0mprivate_ip_address[0m[0m              = "10.1.0.5"
    [1m[0mprivate_ip_addresses[0m[0m            = [
        "10.1.0.5",
    ]
    [1m[0mprovision_vm_agent[0m[0m              = true
    [1m[0mpublic_ip_addresses[0m[0m             = []
    [1m[0mresource_group_name[0m[0m             = "eastasia-rg"
    [1m[0msecure_boot_enabled[0m[0m             = false
    [1m[0msize[0m[0m                            = "Standard_B1s"
    [1m[0mvirtual_machine_id[0m[0m              = "0446c479-3948-4e6e-af0a-026172ead02c"
    [1m[0mvtpm_enabled[0m[0m                    = false

    admin_ssh_key {
        [1m[0mpublic_key[0m[0m = <<-EOT
            ssh-rsa AAAAB3NzaC1yc2EAAAADAQABAAABgQDUeadqobdkb7rBZBHGc0or+Ty+ksrmkGON2XYvm4ONwdDVavYg3aX4/XGykDfQtjOBy5BOrFPKlSdPWw/Uo11bguGfGKNNIuuzhADwrtxQT8WwyVxYpMz2u+yNNOeSOwkt/aGnzJhGoHDlb/0fkiEb7mP37Cw1gt7Q77GomExqFagX/yq3St/1xebljqEYB4S/teCBkNWGYuqZomtrOeHJbycw5F465ihA12/7YBcM+ngpjcNw2bmzbZQEZabBlwAusRdyMkPzgYHzuao7TFishPOcMgzUPgLtm8JNy/Kbog6Fvi8Q4TAo1DPVFx+9GMOXnnFkxi5HLM47yvB/vsoL7SGisAB7jjn5rFGf6R2Czg93cMyakjsjrN6aYxK1mRBHy5wYpg364L8mJd55mpyImITxpn5RDtWhhcOWojB2HnMqNvtY9jGfNxCxezwVWLnMNNY0Dp3VofFc03/4VW6BhC+VYc9B2SgzTyiB/ZaEf5pOWGoGd5miXp0wTcwPhHM= chrisa.boyd@sas.com
        EOT
        [1m[0musername[0m[0m   = "adminuser"
    }

    os_disk {
        [1m[0mcaching[0m[0m                   = "ReadWrite"
        [1m[0mdisk_size_gb[0m[0m              = 30
        [1m[0mname[0m[0m                      = "azurevm-0_OsDisk_1_2a07dc37bef544ddb1d3b86bc8c5b635"
        [1m[0mstorage_account_type[0m[0m      = "Standard_LRS"
        [1m[0mwrite_accelerator_enabled[0m[0m = false
    }

    source_image_reference {
        [1m[0moffer[0m[0m     = "UbuntuServer"
        [1m[0mpublisher[0m[0m = "Canonical"
        [1m[0msku[0m[0m       = "16.04-LTS"
        [1m[0mversion[0m[0m   = "latest"
    }
}

# module.lb_config_eastasia.azurerm_linux_virtual_machine.rg[1]:
resource "azurerm_linux_virtual_machine" "rg" {
    [1m[0madmin_username[0m[0m                  = "adminuser"
    [1m[0mallow_extension_operations[0m[0m      = true
    [1m[0mavailability_set_id[0m[0m             = "/subscriptions/9d82f010-eede-407a-8567-c528c4daa03d/resourceGroups/eastasia-rg/providers/Microsoft.Compute/availabilitySets/AVAILSET-1"
    [1m[0mcomputer_name[0m[0m                   = "azurevm-1"
    [1m[0mdisable_password_authentication[0m[0m = true
    [1m[0mencryption_at_host_enabled[0m[0m      = false
    [1m[0mextensions_time_budget[0m[0m          = "PT1H30M"
    [1m[0mid[0m[0m                              = "/subscriptions/9d82f010-eede-407a-8567-c528c4daa03d/resourceGroups/eastasia-rg/providers/Microsoft.Compute/virtualMachines/azurevm-1"
    [1m[0mlocation[0m[0m                        = "eastasia"
    [1m[0mmax_bid_price[0m[0m                   = -1
    [1m[0mname[0m[0m                            = "azurevm-1"
    [1m[0mnetwork_interface_ids[0m[0m           = [
        "/subscriptions/9d82f010-eede-407a-8567-c528c4daa03d/resourceGroups/eastasia-rg/providers/Microsoft.Network/networkInterfaces/nic-1",
    ]
    [1m[0mpatch_mode[0m[0m                      = "ImageDefault"
    [1m[0mplatform_fault_domain[0m[0m           = -1
    [1m[0mpriority[0m[0m                        = "Regular"
    [1m[0mprivate_ip_address[0m[0m              = "10.1.0.4"
    [1m[0mprivate_ip_addresses[0m[0m            = [
        "10.1.0.4",
    ]
    [1m[0mprovision_vm_agent[0m[0m              = true
    [1m[0mpublic_ip_addresses[0m[0m             = []
    [1m[0mresource_group_name[0m[0m             = "eastasia-rg"
    [1m[0msecure_boot_enabled[0m[0m             = false
    [1m[0msize[0m[0m                            = "Standard_B1s"
    [1m[0mvirtual_machine_id[0m[0m              = "5adc54e6-5457-4f31-8399-00bc3e300537"
    [1m[0mvtpm_enabled[0m[0m                    = false

    admin_ssh_key {
        [1m[0mpublic_key[0m[0m = <<-EOT
            ssh-rsa AAAAB3NzaC1yc2EAAAADAQABAAABgQDUeadqobdkb7rBZBHGc0or+Ty+ksrmkGON2XYvm4ONwdDVavYg3aX4/XGykDfQtjOBy5BOrFPKlSdPWw/Uo11bguGfGKNNIuuzhADwrtxQT8WwyVxYpMz2u+yNNOeSOwkt/aGnzJhGoHDlb/0fkiEb7mP37Cw1gt7Q77GomExqFagX/yq3St/1xebljqEYB4S/teCBkNWGYuqZomtrOeHJbycw5F465ihA12/7YBcM+ngpjcNw2bmzbZQEZabBlwAusRdyMkPzgYHzuao7TFishPOcMgzUPgLtm8JNy/Kbog6Fvi8Q4TAo1DPVFx+9GMOXnnFkxi5HLM47yvB/vsoL7SGisAB7jjn5rFGf6R2Czg93cMyakjsjrN6aYxK1mRBHy5wYpg364L8mJd55mpyImITxpn5RDtWhhcOWojB2HnMqNvtY9jGfNxCxezwVWLnMNNY0Dp3VofFc03/4VW6BhC+VYc9B2SgzTyiB/ZaEf5pOWGoGd5miXp0wTcwPhHM= chrisa.boyd@sas.com
        EOT
        [1m[0musername[0m[0m   = "adminuser"
    }

    os_disk {
        [1m[0mcaching[0m[0m                   = "ReadWrite"
        [1m[0mdisk_size_gb[0m[0m              = 30
        [1m[0mname[0m[0m                      = "azurevm-1_OsDisk_1_e7fecdd2cfe64edcae712134c28a0ebf"
        [1m[0mstorage_account_type[0m[0m      = "Standard_LRS"
        [1m[0mwrite_accelerator_enabled[0m[0m = false
    }

    source_image_reference {
        [1m[0moffer[0m[0m     = "UbuntuServer"
        [1m[0mpublisher[0m[0m = "Canonical"
        [1m[0msku[0m[0m       = "16.04-LTS"
        [1m[0mversion[0m[0m   = "latest"
    }
}

# module.lb_config_eastasia.azurerm_network_interface.rg[0]:
resource "azurerm_network_interface" "rg" {
    [1m[0mapplied_dns_servers[0m[0m           = []
    [1m[0mdns_servers[0m[0m                   = []
    [1m[0menable_accelerated_networking[0m[0m = false
    [1m[0menable_ip_forwarding[0m[0m          = false
    [1m[0mid[0m[0m                            = "/subscriptions/9d82f010-eede-407a-8567-c528c4daa03d/resourceGroups/eastasia-rg/providers/Microsoft.Network/networkInterfaces/nic-0"
    [1m[0minternal_domain_name_suffix[0m[0m   = "z2ojdnbzyqwupcfih25wudiljb.hx.internal.cloudapp.net"
    [1m[0mlocation[0m[0m                      = "eastasia"
    [1m[0mname[0m[0m                          = "nic-0"
    [1m[0mprivate_ip_address[0m[0m            = "10.1.0.5"
    [1m[0mprivate_ip_addresses[0m[0m          = [
        "10.1.0.5",
    ]
    [1m[0mresource_group_name[0m[0m           = "eastasia-rg"

    ip_configuration {
        [1m[0mname[0m[0m                          = "config-0"
        [1m[0mprimary[0m[0m                       = true
        [1m[0mprivate_ip_address[0m[0m            = "10.1.0.5"
        [1m[0mprivate_ip_address_allocation[0m[0m = "Dynamic"
        [1m[0mprivate_ip_address_version[0m[0m    = "IPv4"
        [1m[0msubnet_id[0m[0m                     = "/subscriptions/9d82f010-eede-407a-8567-c528c4daa03d/resourceGroups/eastasia-rg/providers/Microsoft.Network/virtualNetworks/myVnet/subnets/backendSubnet"
    }
}

# module.lb_config_eastasia.azurerm_network_interface.rg[1]:
resource "azurerm_network_interface" "rg" {
    [1m[0mapplied_dns_servers[0m[0m           = []
    [1m[0mdns_servers[0m[0m                   = []
    [1m[0menable_accelerated_networking[0m[0m = false
    [1m[0menable_ip_forwarding[0m[0m          = false
    [1m[0mid[0m[0m                            = "/subscriptions/9d82f010-eede-407a-8567-c528c4daa03d/resourceGroups/eastasia-rg/providers/Microsoft.Network/networkInterfaces/nic-1"
    [1m[0minternal_domain_name_suffix[0m[0m   = "z2ojdnbzyqwupcfih25wudiljb.hx.internal.cloudapp.net"
    [1m[0mlocation[0m[0m                      = "eastasia"
    [1m[0mname[0m[0m                          = "nic-1"
    [1m[0mprivate_ip_address[0m[0m            = "10.1.0.4"
    [1m[0mprivate_ip_addresses[0m[0m          = [
        "10.1.0.4",
    ]
    [1m[0mresource_group_name[0m[0m           = "eastasia-rg"

    ip_configuration {
        [1m[0mname[0m[0m                          = "config-1"
        [1m[0mprimary[0m[0m                       = true
        [1m[0mprivate_ip_address[0m[0m            = "10.1.0.4"
        [1m[0mprivate_ip_address_allocation[0m[0m = "Dynamic"
        [1m[0mprivate_ip_address_version[0m[0m    = "IPv4"
        [1m[0msubnet_id[0m[0m                     = "/subscriptions/9d82f010-eede-407a-8567-c528c4daa03d/resourceGroups/eastasia-rg/providers/Microsoft.Network/virtualNetworks/myVnet/subnets/backendSubnet"
    }
}

# module.lb_config_eastasia.azurerm_network_interface_backend_address_pool_association.rg[0]:
resource "azurerm_network_interface_backend_address_pool_association" "rg" {
    [1m[0mbackend_address_pool_id[0m[0m = "/subscriptions/9d82f010-eede-407a-8567-c528c4daa03d/resourceGroups/eastasia-rg/providers/Microsoft.Network/loadBalancers/eastasia-rglb1/backendAddressPools/BackEndAddressPool"
    [1m[0mid[0m[0m                      = "/subscriptions/9d82f010-eede-407a-8567-c528c4daa03d/resourceGroups/eastasia-rg/providers/Microsoft.Network/networkInterfaces/nic-0/ipConfigurations/config-0|/subscriptions/9d82f010-eede-407a-8567-c528c4daa03d/resourceGroups/eastasia-rg/providers/Microsoft.Network/loadBalancers/eastasia-rglb1/backendAddressPools/BackEndAddressPool"
    [1m[0mip_configuration_name[0m[0m   = "config-0"
    [1m[0mnetwork_interface_id[0m[0m    = "/subscriptions/9d82f010-eede-407a-8567-c528c4daa03d/resourceGroups/eastasia-rg/providers/Microsoft.Network/networkInterfaces/nic-0"
}

# module.lb_config_eastasia.azurerm_network_interface_backend_address_pool_association.rg[1]:
resource "azurerm_network_interface_backend_address_pool_association" "rg" {
    [1m[0mbackend_address_pool_id[0m[0m = "/subscriptions/9d82f010-eede-407a-8567-c528c4daa03d/resourceGroups/eastasia-rg/providers/Microsoft.Network/loadBalancers/eastasia-rglb1/backendAddressPools/BackEndAddressPool"
    [1m[0mid[0m[0m                      = "/subscriptions/9d82f010-eede-407a-8567-c528c4daa03d/resourceGroups/eastasia-rg/providers/Microsoft.Network/networkInterfaces/nic-1/ipConfigurations/config-1|/subscriptions/9d82f010-eede-407a-8567-c528c4daa03d/resourceGroups/eastasia-rg/providers/Microsoft.Network/loadBalancers/eastasia-rglb1/backendAddressPools/BackEndAddressPool"
    [1m[0mip_configuration_name[0m[0m   = "config-1"
    [1m[0mnetwork_interface_id[0m[0m    = "/subscriptions/9d82f010-eede-407a-8567-c528c4daa03d/resourceGroups/eastasia-rg/providers/Microsoft.Network/networkInterfaces/nic-1"
}

# module.lb_config_eastasia.azurerm_public_ip.rg:
resource "azurerm_public_ip" "rg" {
    [1m[0mallocation_method[0m[0m       = "Static"
    [1m[0mavailability_zone[0m[0m       = "Zone-Redundant"
    [1m[0mdomain_name_label[0m[0m       = "eastasia-rglb1"
    [1m[0mfqdn[0m[0m                    = "eastasia-rglb1.eastasia.cloudapp.azure.com"
    [1m[0mid[0m[0m                      = "/subscriptions/9d82f010-eede-407a-8567-c528c4daa03d/resourceGroups/eastasia-rg/providers/Microsoft.Network/publicIPAddresses/PubIPforeastasia-rglb1"
    [1m[0midle_timeout_in_minutes[0m[0m = 4
    [1m[0mip_address[0m[0m              = "104.208.122.143"
    [1m[0mip_version[0m[0m              = "IPv4"
    [1m[0mlocation[0m[0m                = "eastasia"
    [1m[0mname[0m[0m                    = "PubIPforeastasia-rglb1"
    [1m[0mresource_group_name[0m[0m     = "eastasia-rg"
    [1m[0msku[0m[0m                     = "Standard"
    [1m[0msku_tier[0m[0m                = "Regional"
    [1m[0mzones[0m[0m                   = []
}

# module.lb_config_eastasia.azurerm_resource_group.rg:
resource "azurerm_resource_group" "rg" {
    [1m[0mid[0m[0m       = "/subscriptions/9d82f010-eede-407a-8567-c528c4daa03d/resourceGroups/eastasia-rg"
    [1m[0mlocation[0m[0m = "eastasia"
    [1m[0mname[0m[0m     = "eastasia-rg"
}

# module.lb_config_eastasia.azurerm_subnet.rg:
resource "azurerm_subnet" "rg" {
    [1m[0maddress_prefix[0m[0m                                 = "10.1.0.0/24"
    [1m[0maddress_prefixes[0m[0m                               = [
        "10.1.0.0/24",
    ]
    [1m[0menforce_private_link_endpoint_network_policies[0m[0m = false
    [1m[0menforce_private_link_service_network_policies[0m[0m  = false
    [1m[0mid[0m[0m                                             = "/subscriptions/9d82f010-eede-407a-8567-c528c4daa03d/resourceGroups/eastasia-rg/providers/Microsoft.Network/virtualNetworks/myVnet/subnets/backendSubnet"
    [1m[0mname[0m[0m                                           = "backendSubnet"
    [1m[0mresource_group_name[0m[0m                            = "eastasia-rg"
    [1m[0mvirtual_network_name[0m[0m                           = "myVnet"
}

# module.lb_config_eastasia.azurerm_virtual_network.rg:
resource "azurerm_virtual_network" "rg" {
    [1m[0maddress_space[0m[0m           = [
        "10.1.0.0/16",
    ]
    [1m[0mdns_servers[0m[0m             = []
    [1m[0mflow_timeout_in_minutes[0m[0m = 0
    [1m[0mguid[0m[0m                    = "b4911ccf-c439-472d-88a8-3f3f6a0d0b49"
    [1m[0mid[0m[0m                      = "/subscriptions/9d82f010-eede-407a-8567-c528c4daa03d/resourceGroups/eastasia-rg/providers/Microsoft.Network/virtualNetworks/myVnet"
    [1m[0mlocation[0m[0m                = "eastasia"
    [1m[0mname[0m[0m                    = "myVnet"
    [1m[0mresource_group_name[0m[0m     = "eastasia-rg"
    [1m[0msubnet[0m[0m                  = []
    [1m[0mvm_protection_enabled[0m[0m   = false
}[0m[0m
