Attempt 1 - Creating TestUser1@chimpraceraim.onmicrosoft.com
{
  "accountEnabled": true,
  "ageGroup": null,
  "assignedLicenses": [],
  "assignedPlans": [],
  "city": null,
  "companyName": null,
  "consentProvidedForMinor": null,
  "country": null,
  "createdDateTime": null,
  "creationType": null,
  "deletionTimestamp": null,
  "department": null,
  "dirSyncEnabled": null,
  "displayName": "TestUser1",
  "employeeId": null,
  "facsimileTelephoneNumber": null,
  "givenName": null,
  "immutableId": null,
  "isCompromised": null,
  "jobTitle": null,
  "lastDirSyncTime": null,
  "legalAgeGroupClassification": null,
  "mail": null,
  "mailNickname": "testuser1",
  "mobile": null,
  "objectId": "9167a13a-ce1a-4f21-9381-bdfc5e210b85",
  "objectType": "User",
  "odata.metadata": "https://graph.windows.net/ff5cf5e9-1096-4567-b4b8-f439670927f5/$metadata#directoryObjects/@Element",
  "odata.type": "Microsoft.DirectoryServices.User",
  "onPremisesDistinguishedName": null,
  "onPremisesSecurityIdentifier": null,
  "otherMails": [],
  "passwordPolicies": null,
  "passwordProfile": null,
  "physicalDeliveryOfficeName": null,
  "postalCode": null,
  "preferredLanguage": null,
  "provisionedPlans": [],
  "provisioningErrors": [],
  "proxyAddresses": [],
  "refreshTokensValidFromDateTime": "2022-03-29T19:20:01.8641262Z",
  "showInAddressList": null,
  "signInNames": [],
  "sipProxyAddress": null,
  "state": null,
  "streetAddress": null,
  "surname": null,
  "telephoneNumber": null,
  "thumbnailPhoto@odata.mediaEditLink": "directoryObjects/9167a13a-ce1a-4f21-9381-bdfc5e210b85/Microsoft.DirectoryServices.User/thumbnailPhoto",
  "usageLocation": null,
  "userIdentities": [],
  "userPrincipalName": "testuser1@chimpraceraim.onmicrosoft.com",
  "userState": null,
  "userStateChangedOn": null,
  "userType": "Member"
}
Attempt 1 - Creating TestUser2@chimpraceraim.onmicrosoft.com
{
  "accountEnabled": true,
  "ageGroup": null,
  "assignedLicenses": [],
  "assignedPlans": [],
  "city": null,
  "companyName": null,
  "consentProvidedForMinor": null,
  "country": null,
  "createdDateTime": null,
  "creationType": null,
  "deletionTimestamp": null,
  "department": null,
  "dirSyncEnabled": null,
  "displayName": "TestUser2",
  "employeeId": null,
  "facsimileTelephoneNumber": null,
  "givenName": null,
  "immutableId": null,
  "isCompromised": null,
  "jobTitle": null,
  "lastDirSyncTime": null,
  "legalAgeGroupClassification": null,
  "mail": null,
  "mailNickname": "testuser2",
  "mobile": null,
  "objectId": "46db7ebb-1844-422f-9722-8a77f2916647",
  "objectType": "User",
  "odata.metadata": "https://graph.windows.net/ff5cf5e9-1096-4567-b4b8-f439670927f5/$metadata#directoryObjects/@Element",
  "odata.type": "Microsoft.DirectoryServices.User",
  "onPremisesDistinguishedName": null,
  "onPremisesSecurityIdentifier": null,
  "otherMails": [],
  "passwordPolicies": null,
  "passwordProfile": null,
  "physicalDeliveryOfficeName": null,
  "postalCode": null,
  "preferredLanguage": null,
  "provisionedPlans": [],
  "provisioningErrors": [],
  "proxyAddresses": [],
  "refreshTokensValidFromDateTime": "2022-03-29T19:20:04.0957579Z",
  "showInAddressList": null,
  "signInNames": [],
  "sipProxyAddress": null,
  "state": null,
  "streetAddress": null,
  "surname": null,
  "telephoneNumber": null,
  "thumbnailPhoto@odata.mediaEditLink": "directoryObjects/46db7ebb-1844-422f-9722-8a77f2916647/Microsoft.DirectoryServices.User/thumbnailPhoto",
  "usageLocation": null,
  "userIdentities": [],
  "userPrincipalName": "testuser2@chimpraceraim.onmicrosoft.com",
  "userState": null,
  "userStateChangedOn": null,
  "userType": "Member"
}
Attempt 1 - Creating TestUser3@chimpraceraim.onmicrosoft.com
{
  "accountEnabled": true,
  "ageGroup": null,
  "assignedLicenses": [],
  "assignedPlans": [],
  "city": null,
  "companyName": null,
  "consentProvidedForMinor": null,
  "country": null,
  "createdDateTime": null,
  "creationType": null,
  "deletionTimestamp": null,
  "department": null,
  "dirSyncEnabled": null,
  "displayName": "TestUser3",
  "employeeId": null,
  "facsimileTelephoneNumber": null,
  "givenName": null,
  "immutableId": null,
  "isCompromised": null,
  "jobTitle": null,
  "lastDirSyncTime": null,
  "legalAgeGroupClassification": null,
  "mail": null,
  "mailNickname": "testuser3",
  "mobile": null,
  "objectId": "18aae925-6cb2-47a2-82d9-399d224dc402",
  "objectType": "User",
  "odata.metadata": "https://graph.windows.net/ff5cf5e9-1096-4567-b4b8-f439670927f5/$metadata#directoryObjects/@Element",
  "odata.type": "Microsoft.DirectoryServices.User",
  "onPremisesDistinguishedName": null,
  "onPremisesSecurityIdentifier": null,
  "otherMails": [],
  "passwordPolicies": null,
  "passwordProfile": null,
  "physicalDeliveryOfficeName": null,
  "postalCode": null,
  "preferredLanguage": null,
  "provisionedPlans": [],
  "provisioningErrors": [],
  "proxyAddresses": [],
  "refreshTokensValidFromDateTime": "2022-03-29T19:20:06.0673013Z",
  "showInAddressList": null,
  "signInNames": [],
  "sipProxyAddress": null,
  "state": null,
  "streetAddress": null,
  "surname": null,
  "telephoneNumber": null,
  "thumbnailPhoto@odata.mediaEditLink": "directoryObjects/18aae925-6cb2-47a2-82d9-399d224dc402/Microsoft.DirectoryServices.User/thumbnailPhoto",
  "usageLocation": null,
  "userIdentities": [],
  "userPrincipalName": "testuser3@chimpraceraim.onmicrosoft.com",
  "userState": null,
  "userStateChangedOn": null,
  "userType": "Member"
}
Attempt 1 - Creating TestUser4@chimpraceraim.onmicrosoft.com
{
  "accountEnabled": true,
  "ageGroup": null,
  "assignedLicenses": [],
  "assignedPlans": [],
  "city": null,
  "companyName": null,
  "consentProvidedForMinor": null,
  "country": null,
  "createdDateTime": null,
  "creationType": null,
  "deletionTimestamp": null,
  "department": null,
  "dirSyncEnabled": null,
  "displayName": "TestUser4",
  "employeeId": null,
  "facsimileTelephoneNumber": null,
  "givenName": null,
  "immutableId": null,
  "isCompromised": null,
  "jobTitle": null,
  "lastDirSyncTime": null,
  "legalAgeGroupClassification": null,
  "mail": null,
  "mailNickname": "testuser4",
  "mobile": null,
  "objectId": "f2b9949b-5ee0-41f2-b2f5-490578183b1a",
  "objectType": "User",
  "odata.metadata": "https://graph.windows.net/ff5cf5e9-1096-4567-b4b8-f439670927f5/$metadata#directoryObjects/@Element",
  "odata.type": "Microsoft.DirectoryServices.User",
  "onPremisesDistinguishedName": null,
  "onPremisesSecurityIdentifier": null,
  "otherMails": [],
  "passwordPolicies": null,
  "passwordProfile": null,
  "physicalDeliveryOfficeName": null,
  "postalCode": null,
  "preferredLanguage": null,
  "provisionedPlans": [],
  "provisioningErrors": [],
  "proxyAddresses": [],
  "refreshTokensValidFromDateTime": "2022-03-29T19:20:08.2059564Z",
  "showInAddressList": null,
  "signInNames": [],
  "sipProxyAddress": null,
  "state": null,
  "streetAddress": null,
  "surname": null,
  "telephoneNumber": null,
  "thumbnailPhoto@odata.mediaEditLink": "directoryObjects/f2b9949b-5ee0-41f2-b2f5-490578183b1a/Microsoft.DirectoryServices.User/thumbnailPhoto",
  "usageLocation": null,
  "userIdentities": [],
  "userPrincipalName": "testuser4@chimpraceraim.onmicrosoft.com",
  "userState": null,
  "userStateChangedOn": null,
  "userType": "Member"
}
Attempt 1 - Creating TestUser5@chimpraceraim.onmicrosoft.com
{
  "accountEnabled": true,
  "ageGroup": null,
  "assignedLicenses": [],
  "assignedPlans": [],
  "city": null,
  "companyName": null,
  "consentProvidedForMinor": null,
  "country": null,
  "createdDateTime": null,
  "creationType": null,
  "deletionTimestamp": null,
  "department": null,
  "dirSyncEnabled": null,
  "displayName": "TestUser5",
  "employeeId": null,
  "facsimileTelephoneNumber": null,
  "givenName": null,
  "immutableId": null,
  "isCompromised": null,
  "jobTitle": null,
  "lastDirSyncTime": null,
  "legalAgeGroupClassification": null,
  "mail": null,
  "mailNickname": "testuser5",
  "mobile": null,
  "objectId": "4c4e8270-5bc1-4da9-9aa8-476f5cbcb56e",
  "objectType": "User",
  "odata.metadata": "https://graph.windows.net/ff5cf5e9-1096-4567-b4b8-f439670927f5/$metadata#directoryObjects/@Element",
  "odata.type": "Microsoft.DirectoryServices.User",
  "onPremisesDistinguishedName": null,
  "onPremisesSecurityIdentifier": null,
  "otherMails": [],
  "passwordPolicies": null,
  "passwordProfile": null,
  "physicalDeliveryOfficeName": null,
  "postalCode": null,
  "preferredLanguage": null,
  "provisionedPlans": [],
  "provisioningErrors": [],
  "proxyAddresses": [],
  "refreshTokensValidFromDateTime": "2022-03-29T19:20:10.0589148Z",
  "showInAddressList": null,
  "signInNames": [],
  "sipProxyAddress": null,
  "state": null,
  "streetAddress": null,
  "surname": null,
  "telephoneNumber": null,
  "thumbnailPhoto@odata.mediaEditLink": "directoryObjects/4c4e8270-5bc1-4da9-9aa8-476f5cbcb56e/Microsoft.DirectoryServices.User/thumbnailPhoto",
  "usageLocation": null,
  "userIdentities": [],
  "userPrincipalName": "testuser5@chimpraceraim.onmicrosoft.com",
  "userState": null,
  "userStateChangedOn": null,
  "userType": "Member"
}
Attempt 1 - Creating TestUser6@chimpraceraim.onmicrosoft.com
{
  "accountEnabled": true,
  "ageGroup": null,
  "assignedLicenses": [],
  "assignedPlans": [],
  "city": null,
  "companyName": null,
  "consentProvidedForMinor": null,
  "country": null,
  "createdDateTime": null,
  "creationType": null,
  "deletionTimestamp": null,
  "department": null,
  "dirSyncEnabled": null,
  "displayName": "TestUser6",
  "employeeId": null,
  "facsimileTelephoneNumber": null,
  "givenName": null,
  "immutableId": null,
  "isCompromised": null,
  "jobTitle": null,
  "lastDirSyncTime": null,
  "legalAgeGroupClassification": null,
  "mail": null,
  "mailNickname": "testuser6",
  "mobile": null,
  "objectId": "ebde68b4-f160-4873-836e-d742159a13a0",
  "objectType": "User",
  "odata.metadata": "https://graph.windows.net/ff5cf5e9-1096-4567-b4b8-f439670927f5/$metadata#directoryObjects/@Element",
  "odata.type": "Microsoft.DirectoryServices.User",
  "onPremisesDistinguishedName": null,
  "onPremisesSecurityIdentifier": null,
  "otherMails": [],
  "passwordPolicies": null,
  "passwordProfile": null,
  "physicalDeliveryOfficeName": null,
  "postalCode": null,
  "preferredLanguage": null,
  "provisionedPlans": [],
  "provisioningErrors": [],
  "proxyAddresses": [],
  "refreshTokensValidFromDateTime": "2022-03-29T19:20:12.0590012Z",
  "showInAddressList": null,
  "signInNames": [],
  "sipProxyAddress": null,
  "state": null,
  "streetAddress": null,
  "surname": null,
  "telephoneNumber": null,
  "thumbnailPhoto@odata.mediaEditLink": "directoryObjects/ebde68b4-f160-4873-836e-d742159a13a0/Microsoft.DirectoryServices.User/thumbnailPhoto",
  "usageLocation": null,
  "userIdentities": [],
  "userPrincipalName": "testuser6@chimpraceraim.onmicrosoft.com",
  "userState": null,
  "userStateChangedOn": null,
  "userType": "Member"
}
Attempt 1 - Creating TestUser7@chimpraceraim.onmicrosoft.com
{
  "accountEnabled": true,
  "ageGroup": null,
  "assignedLicenses": [],
  "assignedPlans": [],
  "city": null,
  "companyName": null,
  "consentProvidedForMinor": null,
  "country": null,
  "createdDateTime": null,
  "creationType": null,
  "deletionTimestamp": null,
  "department": null,
  "dirSyncEnabled": null,
  "displayName": "TestUser7",
  "employeeId": null,
  "facsimileTelephoneNumber": null,
  "givenName": null,
  "immutableId": null,
  "isCompromised": null,
  "jobTitle": null,
  "lastDirSyncTime": null,
  "legalAgeGroupClassification": null,
  "mail": null,
  "mailNickname": "testuser7",
  "mobile": null,
  "objectId": "be0d1497-8ea8-418b-925e-b7a74ff8be79",
  "objectType": "User",
  "odata.metadata": "https://graph.windows.net/ff5cf5e9-1096-4567-b4b8-f439670927f5/$metadata#directoryObjects/@Element",
  "odata.type": "Microsoft.DirectoryServices.User",
  "onPremisesDistinguishedName": null,
  "onPremisesSecurityIdentifier": null,
  "otherMails": [],
  "passwordPolicies": null,
  "passwordProfile": null,
  "physicalDeliveryOfficeName": null,
  "postalCode": null,
  "preferredLanguage": null,
  "provisionedPlans": [],
  "provisioningErrors": [],
  "proxyAddresses": [],
  "refreshTokensValidFromDateTime": "2022-03-29T19:20:14.0343083Z",
  "showInAddressList": null,
  "signInNames": [],
  "sipProxyAddress": null,
  "state": null,
  "streetAddress": null,
  "surname": null,
  "telephoneNumber": null,
  "thumbnailPhoto@odata.mediaEditLink": "directoryObjects/be0d1497-8ea8-418b-925e-b7a74ff8be79/Microsoft.DirectoryServices.User/thumbnailPhoto",
  "usageLocation": null,
  "userIdentities": [],
  "userPrincipalName": "testuser7@chimpraceraim.onmicrosoft.com",
  "userState": null,
  "userStateChangedOn": null,
  "userType": "Member"
}
Attempt 1 - Creating TestUser8@chimpraceraim.onmicrosoft.com
{
  "accountEnabled": true,
  "ageGroup": null,
  "assignedLicenses": [],
  "assignedPlans": [],
  "city": null,
  "companyName": null,
  "consentProvidedForMinor": null,
  "country": null,
  "createdDateTime": null,
  "creationType": null,
  "deletionTimestamp": null,
  "department": null,
  "dirSyncEnabled": null,
  "displayName": "TestUser8",
  "employeeId": null,
  "facsimileTelephoneNumber": null,
  "givenName": null,
  "immutableId": null,
  "isCompromised": null,
  "jobTitle": null,
  "lastDirSyncTime": null,
  "legalAgeGroupClassification": null,
  "mail": null,
  "mailNickname": "testuser8",
  "mobile": null,
  "objectId": "ce48cee0-f960-426a-98b8-f3803f27a427",
  "objectType": "User",
  "odata.metadata": "https://graph.windows.net/ff5cf5e9-1096-4567-b4b8-f439670927f5/$metadata#directoryObjects/@Element",
  "odata.type": "Microsoft.DirectoryServices.User",
  "onPremisesDistinguishedName": null,
  "onPremisesSecurityIdentifier": null,
  "otherMails": [],
  "passwordPolicies": null,
  "passwordProfile": null,
  "physicalDeliveryOfficeName": null,
  "postalCode": null,
  "preferredLanguage": null,
  "provisionedPlans": [],
  "provisioningErrors": [],
  "proxyAddresses": [],
  "refreshTokensValidFromDateTime": "2022-03-29T19:20:16.004937Z",
  "showInAddressList": null,
  "signInNames": [],
  "sipProxyAddress": null,
  "state": null,
  "streetAddress": null,
  "surname": null,
  "telephoneNumber": null,
  "thumbnailPhoto@odata.mediaEditLink": "directoryObjects/ce48cee0-f960-426a-98b8-f3803f27a427/Microsoft.DirectoryServices.User/thumbnailPhoto",
  "usageLocation": null,
  "userIdentities": [],
  "userPrincipalName": "testuser8@chimpraceraim.onmicrosoft.com",
  "userState": null,
  "userStateChangedOn": null,
  "userType": "Member"
}
Attempt 1 - Creating TestUser9@chimpraceraim.onmicrosoft.com
{
  "accountEnabled": true,
  "ageGroup": null,
  "assignedLicenses": [],
  "assignedPlans": [],
  "city": null,
  "companyName": null,
  "consentProvidedForMinor": null,
  "country": null,
  "createdDateTime": null,
  "creationType": null,
  "deletionTimestamp": null,
  "department": null,
  "dirSyncEnabled": null,
  "displayName": "TestUser9",
  "employeeId": null,
  "facsimileTelephoneNumber": null,
  "givenName": null,
  "immutableId": null,
  "isCompromised": null,
  "jobTitle": null,
  "lastDirSyncTime": null,
  "legalAgeGroupClassification": null,
  "mail": null,
  "mailNickname": "testuser9",
  "mobile": null,
  "objectId": "09ffd4f7-4bf5-42ab-810a-179ae02745cf",
  "objectType": "User",
  "odata.metadata": "https://graph.windows.net/ff5cf5e9-1096-4567-b4b8-f439670927f5/$metadata#directoryObjects/@Element",
  "odata.type": "Microsoft.DirectoryServices.User",
  "onPremisesDistinguishedName": null,
  "onPremisesSecurityIdentifier": null,
  "otherMails": [],
  "passwordPolicies": null,
  "passwordProfile": null,
  "physicalDeliveryOfficeName": null,
  "postalCode": null,
  "preferredLanguage": null,
  "provisionedPlans": [],
  "provisioningErrors": [],
  "proxyAddresses": [],
  "refreshTokensValidFromDateTime": "2022-03-29T19:20:17.9356328Z",
  "showInAddressList": null,
  "signInNames": [],
  "sipProxyAddress": null,
  "state": null,
  "streetAddress": null,
  "surname": null,
  "telephoneNumber": null,
  "thumbnailPhoto@odata.mediaEditLink": "directoryObjects/09ffd4f7-4bf5-42ab-810a-179ae02745cf/Microsoft.DirectoryServices.User/thumbnailPhoto",
  "usageLocation": null,
  "userIdentities": [],
  "userPrincipalName": "testuser9@chimpraceraim.onmicrosoft.com",
  "userState": null,
  "userStateChangedOn": null,
  "userType": "Member"
}
Attempt 1 - Creating TestUser10@chimpraceraim.onmicrosoft.com
{
  "accountEnabled": true,
  "ageGroup": null,
  "assignedLicenses": [],
  "assignedPlans": [],
  "city": null,
  "companyName": null,
  "consentProvidedForMinor": null,
  "country": null,
  "createdDateTime": null,
  "creationType": null,
  "deletionTimestamp": null,
  "department": null,
  "dirSyncEnabled": null,
  "displayName": "TestUser10",
  "employeeId": null,
  "facsimileTelephoneNumber": null,
  "givenName": null,
  "immutableId": null,
  "isCompromised": null,
  "jobTitle": null,
  "lastDirSyncTime": null,
  "legalAgeGroupClassification": null,
  "mail": null,
  "mailNickname": "testuser10",
  "mobile": null,
  "objectId": "dba85fb5-ceaf-47b7-8d5c-5e1a3ab4de48",
  "objectType": "User",
  "odata.metadata": "https://graph.windows.net/ff5cf5e9-1096-4567-b4b8-f439670927f5/$metadata#directoryObjects/@Element",
  "odata.type": "Microsoft.DirectoryServices.User",
  "onPremisesDistinguishedName": null,
  "onPremisesSecurityIdentifier": null,
  "otherMails": [],
  "passwordPolicies": null,
  "passwordProfile": null,
  "physicalDeliveryOfficeName": null,
  "postalCode": null,
  "preferredLanguage": null,
  "provisionedPlans": [],
  "provisioningErrors": [],
  "proxyAddresses": [],
  "refreshTokensValidFromDateTime": "2022-03-29T19:20:19.7209298Z",
  "showInAddressList": null,
  "signInNames": [],
  "sipProxyAddress": null,
  "state": null,
  "streetAddress": null,
  "surname": null,
  "telephoneNumber": null,
  "thumbnailPhoto@odata.mediaEditLink": "directoryObjects/dba85fb5-ceaf-47b7-8d5c-5e1a3ab4de48/Microsoft.DirectoryServices.User/thumbnailPhoto",
  "usageLocation": null,
  "userIdentities": [],
  "userPrincipalName": "testuser10@chimpraceraim.onmicrosoft.com",
  "userState": null,
  "userStateChangedOn": null,
  "userType": "Member"
}
Attempt 1 - Creating TestUser11@chimpraceraim.onmicrosoft.com
{
  "accountEnabled": true,
  "ageGroup": null,
  "assignedLicenses": [],
  "assignedPlans": [],
  "city": null,
  "companyName": null,
  "consentProvidedForMinor": null,
  "country": null,
  "createdDateTime": null,
  "creationType": null,
  "deletionTimestamp": null,
  "department": null,
  "dirSyncEnabled": null,
  "displayName": "TestUser11",
  "employeeId": null,
  "facsimileTelephoneNumber": null,
  "givenName": null,
  "immutableId": null,
  "isCompromised": null,
  "jobTitle": null,
  "lastDirSyncTime": null,
  "legalAgeGroupClassification": null,
  "mail": null,
  "mailNickname": "testuser11",
  "mobile": null,
  "objectId": "f41b9523-8203-4874-9fa5-dea68c2da8e9",
  "objectType": "User",
  "odata.metadata": "https://graph.windows.net/ff5cf5e9-1096-4567-b4b8-f439670927f5/$metadata#directoryObjects/@Element",
  "odata.type": "Microsoft.DirectoryServices.User",
  "onPremisesDistinguishedName": null,
  "onPremisesSecurityIdentifier": null,
  "otherMails": [],
  "passwordPolicies": null,
  "passwordProfile": null,
  "physicalDeliveryOfficeName": null,
  "postalCode": null,
  "preferredLanguage": null,
  "provisionedPlans": [],
  "provisioningErrors": [],
  "proxyAddresses": [],
  "refreshTokensValidFromDateTime": "2022-03-29T19:20:21.43403Z",
  "showInAddressList": null,
  "signInNames": [],
  "sipProxyAddress": null,
  "state": null,
  "streetAddress": null,
  "surname": null,
  "telephoneNumber": null,
  "thumbnailPhoto@odata.mediaEditLink": "directoryObjects/f41b9523-8203-4874-9fa5-dea68c2da8e9/Microsoft.DirectoryServices.User/thumbnailPhoto",
  "usageLocation": null,
  "userIdentities": [],
  "userPrincipalName": "testuser11@chimpraceraim.onmicrosoft.com",
  "userState": null,
  "userStateChangedOn": null,
  "userType": "Member"
}
Attempt 1 - Creating TestUser12@chimpraceraim.onmicrosoft.com
{
  "accountEnabled": true,
  "ageGroup": null,
  "assignedLicenses": [],
  "assignedPlans": [],
  "city": null,
  "companyName": null,
  "consentProvidedForMinor": null,
  "country": null,
  "createdDateTime": null,
  "creationType": null,
  "deletionTimestamp": null,
  "department": null,
  "dirSyncEnabled": null,
  "displayName": "TestUser12",
  "employeeId": null,
  "facsimileTelephoneNumber": null,
  "givenName": null,
  "immutableId": null,
  "isCompromised": null,
  "jobTitle": null,
  "lastDirSyncTime": null,
  "legalAgeGroupClassification": null,
  "mail": null,
  "mailNickname": "testuser12",
  "mobile": null,
  "objectId": "0970f83d-3d02-42e7-aee3-31cf58af6273",
  "objectType": "User",
  "odata.metadata": "https://graph.windows.net/ff5cf5e9-1096-4567-b4b8-f439670927f5/$metadata#directoryObjects/@Element",
  "odata.type": "Microsoft.DirectoryServices.User",
  "onPremisesDistinguishedName": null,
  "onPremisesSecurityIdentifier": null,
  "otherMails": [],
  "passwordPolicies": null,
  "passwordProfile": null,
  "physicalDeliveryOfficeName": null,
  "postalCode": null,
  "preferredLanguage": null,
  "provisionedPlans": [],
  "provisioningErrors": [],
  "proxyAddresses": [],
  "refreshTokensValidFromDateTime": "2022-03-29T19:20:23.5499422Z",
  "showInAddressList": null,
  "signInNames": [],
  "sipProxyAddress": null,
  "state": null,
  "streetAddress": null,
  "surname": null,
  "telephoneNumber": null,
  "thumbnailPhoto@odata.mediaEditLink": "directoryObjects/0970f83d-3d02-42e7-aee3-31cf58af6273/Microsoft.DirectoryServices.User/thumbnailPhoto",
  "usageLocation": null,
  "userIdentities": [],
  "userPrincipalName": "testuser12@chimpraceraim.onmicrosoft.com",
  "userState": null,
  "userStateChangedOn": null,
  "userType": "Member"
}
Attempt 1 - Creating TestUser13@chimpraceraim.onmicrosoft.com
{
  "accountEnabled": true,
  "ageGroup": null,
  "assignedLicenses": [],
  "assignedPlans": [],
  "city": null,
  "companyName": null,
  "consentProvidedForMinor": null,
  "country": null,
  "createdDateTime": null,
  "creationType": null,
  "deletionTimestamp": null,
  "department": null,
  "dirSyncEnabled": null,
  "displayName": "TestUser13",
  "employeeId": null,
  "facsimileTelephoneNumber": null,
  "givenName": null,
  "immutableId": null,
  "isCompromised": null,
  "jobTitle": null,
  "lastDirSyncTime": null,
  "legalAgeGroupClassification": null,
  "mail": null,
  "mailNickname": "testuser13",
  "mobile": null,
  "objectId": "c1b27dc8-f11e-4801-96d2-e7f093c0d172",
  "objectType": "User",
  "odata.metadata": "https://graph.windows.net/ff5cf5e9-1096-4567-b4b8-f439670927f5/$metadata#directoryObjects/@Element",
  "odata.type": "Microsoft.DirectoryServices.User",
  "onPremisesDistinguishedName": null,
  "onPremisesSecurityIdentifier": null,
  "otherMails": [],
  "passwordPolicies": null,
  "passwordProfile": null,
  "physicalDeliveryOfficeName": null,
  "postalCode": null,
  "preferredLanguage": null,
  "provisionedPlans": [],
  "provisioningErrors": [],
  "proxyAddresses": [],
  "refreshTokensValidFromDateTime": "2022-03-29T19:20:25.3175592Z",
  "showInAddressList": null,
  "signInNames": [],
  "sipProxyAddress": null,
  "state": null,
  "streetAddress": null,
  "surname": null,
  "telephoneNumber": null,
  "thumbnailPhoto@odata.mediaEditLink": "directoryObjects/c1b27dc8-f11e-4801-96d2-e7f093c0d172/Microsoft.DirectoryServices.User/thumbnailPhoto",
  "usageLocation": null,
  "userIdentities": [],
  "userPrincipalName": "testuser13@chimpraceraim.onmicrosoft.com",
  "userState": null,
  "userStateChangedOn": null,
  "userType": "Member"
}
Attempt 1 - Creating TestUser14@chimpraceraim.onmicrosoft.com
{
  "accountEnabled": true,
  "ageGroup": null,
  "assignedLicenses": [],
  "assignedPlans": [],
  "city": null,
  "companyName": null,
  "consentProvidedForMinor": null,
  "country": null,
  "createdDateTime": null,
  "creationType": null,
  "deletionTimestamp": null,
  "department": null,
  "dirSyncEnabled": null,
  "displayName": "TestUser14",
  "employeeId": null,
  "facsimileTelephoneNumber": null,
  "givenName": null,
  "immutableId": null,
  "isCompromised": null,
  "jobTitle": null,
  "lastDirSyncTime": null,
  "legalAgeGroupClassification": null,
  "mail": null,
  "mailNickname": "testuser14",
  "mobile": null,
  "objectId": "c3edc960-7a63-4c6b-8f46-a96bdaf8913b",
  "objectType": "User",
  "odata.metadata": "https://graph.windows.net/ff5cf5e9-1096-4567-b4b8-f439670927f5/$metadata#directoryObjects/@Element",
  "odata.type": "Microsoft.DirectoryServices.User",
  "onPremisesDistinguishedName": null,
  "onPremisesSecurityIdentifier": null,
  "otherMails": [],
  "passwordPolicies": null,
  "passwordProfile": null,
  "physicalDeliveryOfficeName": null,
  "postalCode": null,
  "preferredLanguage": null,
  "provisionedPlans": [],
  "provisioningErrors": [],
  "proxyAddresses": [],
  "refreshTokensValidFromDateTime": "2022-03-29T19:20:27.3576268Z",
  "showInAddressList": null,
  "signInNames": [],
  "sipProxyAddress": null,
  "state": null,
  "streetAddress": null,
  "surname": null,
  "telephoneNumber": null,
  "thumbnailPhoto@odata.mediaEditLink": "directoryObjects/c3edc960-7a63-4c6b-8f46-a96bdaf8913b/Microsoft.DirectoryServices.User/thumbnailPhoto",
  "usageLocation": null,
  "userIdentities": [],
  "userPrincipalName": "testuser14@chimpraceraim.onmicrosoft.com",
  "userState": null,
  "userStateChangedOn": null,
  "userType": "Member"
}
Attempt 1 - Creating TestUser15@chimpraceraim.onmicrosoft.com
{
  "accountEnabled": true,
  "ageGroup": null,
  "assignedLicenses": [],
  "assignedPlans": [],
  "city": null,
  "companyName": null,
  "consentProvidedForMinor": null,
  "country": null,
  "createdDateTime": null,
  "creationType": null,
  "deletionTimestamp": null,
  "department": null,
  "dirSyncEnabled": null,
  "displayName": "TestUser15",
  "employeeId": null,
  "facsimileTelephoneNumber": null,
  "givenName": null,
  "immutableId": null,
  "isCompromised": null,
  "jobTitle": null,
  "lastDirSyncTime": null,
  "legalAgeGroupClassification": null,
  "mail": null,
  "mailNickname": "testuser15",
  "mobile": null,
  "objectId": "4782011b-0dc5-41de-bda7-f2c3b163c134",
  "objectType": "User",
  "odata.metadata": "https://graph.windows.net/ff5cf5e9-1096-4567-b4b8-f439670927f5/$metadata#directoryObjects/@Element",
  "odata.type": "Microsoft.DirectoryServices.User",
  "onPremisesDistinguishedName": null,
  "onPremisesSecurityIdentifier": null,
  "otherMails": [],
  "passwordPolicies": null,
  "passwordProfile": null,
  "physicalDeliveryOfficeName": null,
  "postalCode": null,
  "preferredLanguage": null,
  "provisionedPlans": [],
  "provisioningErrors": [],
  "proxyAddresses": [],
  "refreshTokensValidFromDateTime": "2022-03-29T19:20:29.2309684Z",
  "showInAddressList": null,
  "signInNames": [],
  "sipProxyAddress": null,
  "state": null,
  "streetAddress": null,
  "surname": null,
  "telephoneNumber": null,
  "thumbnailPhoto@odata.mediaEditLink": "directoryObjects/4782011b-0dc5-41de-bda7-f2c3b163c134/Microsoft.DirectoryServices.User/thumbnailPhoto",
  "usageLocation": null,
  "userIdentities": [],
  "userPrincipalName": "testuser15@chimpraceraim.onmicrosoft.com",
  "userState": null,
  "userStateChangedOn": null,
  "userType": "Member"
}
Attempt 1 - Creating TestUser16@chimpraceraim.onmicrosoft.com
{
  "accountEnabled": true,
  "ageGroup": null,
  "assignedLicenses": [],
  "assignedPlans": [],
  "city": null,
  "companyName": null,
  "consentProvidedForMinor": null,
  "country": null,
  "createdDateTime": null,
  "creationType": null,
  "deletionTimestamp": null,
  "department": null,
  "dirSyncEnabled": null,
  "displayName": "TestUser16",
  "employeeId": null,
  "facsimileTelephoneNumber": null,
  "givenName": null,
  "immutableId": null,
  "isCompromised": null,
  "jobTitle": null,
  "lastDirSyncTime": null,
  "legalAgeGroupClassification": null,
  "mail": null,
  "mailNickname": "testuser16",
  "mobile": null,
  "objectId": "07867427-3240-40ef-ba5f-da8664f2a58a",
  "objectType": "User",
  "odata.metadata": "https://graph.windows.net/ff5cf5e9-1096-4567-b4b8-f439670927f5/$metadata#directoryObjects/@Element",
  "odata.type": "Microsoft.DirectoryServices.User",
  "onPremisesDistinguishedName": null,
  "onPremisesSecurityIdentifier": null,
  "otherMails": [],
  "passwordPolicies": null,
  "passwordProfile": null,
  "physicalDeliveryOfficeName": null,
  "postalCode": null,
  "preferredLanguage": null,
  "provisionedPlans": [],
  "provisioningErrors": [],
  "proxyAddresses": [],
  "refreshTokensValidFromDateTime": "2022-03-29T19:20:31.0278676Z",
  "showInAddressList": null,
  "signInNames": [],
  "sipProxyAddress": null,
  "state": null,
  "streetAddress": null,
  "surname": null,
  "telephoneNumber": null,
  "thumbnailPhoto@odata.mediaEditLink": "directoryObjects/07867427-3240-40ef-ba5f-da8664f2a58a/Microsoft.DirectoryServices.User/thumbnailPhoto",
  "usageLocation": null,
  "userIdentities": [],
  "userPrincipalName": "testuser16@chimpraceraim.onmicrosoft.com",
  "userState": null,
  "userStateChangedOn": null,
  "userType": "Member"
}
Attempt 1 - Creating TestUser17@chimpraceraim.onmicrosoft.com
{
  "accountEnabled": true,
  "ageGroup": null,
  "assignedLicenses": [],
  "assignedPlans": [],
  "city": null,
  "companyName": null,
  "consentProvidedForMinor": null,
  "country": null,
  "createdDateTime": null,
  "creationType": null,
  "deletionTimestamp": null,
  "department": null,
  "dirSyncEnabled": null,
  "displayName": "TestUser17",
  "employeeId": null,
  "facsimileTelephoneNumber": null,
  "givenName": null,
  "immutableId": null,
  "isCompromised": null,
  "jobTitle": null,
  "lastDirSyncTime": null,
  "legalAgeGroupClassification": null,
  "mail": null,
  "mailNickname": "testuser17",
  "mobile": null,
  "objectId": "c0443e3c-c6aa-4ac5-ad98-0a0f788a2b54",
  "objectType": "User",
  "odata.metadata": "https://graph.windows.net/ff5cf5e9-1096-4567-b4b8-f439670927f5/$metadata#directoryObjects/@Element",
  "odata.type": "Microsoft.DirectoryServices.User",
  "onPremisesDistinguishedName": null,
  "onPremisesSecurityIdentifier": null,
  "otherMails": [],
  "passwordPolicies": null,
  "passwordProfile": null,
  "physicalDeliveryOfficeName": null,
  "postalCode": null,
  "preferredLanguage": null,
  "provisionedPlans": [],
  "provisioningErrors": [],
  "proxyAddresses": [],
  "refreshTokensValidFromDateTime": "2022-03-29T19:20:33.2154315Z",
  "showInAddressList": null,
  "signInNames": [],
  "sipProxyAddress": null,
  "state": null,
  "streetAddress": null,
  "surname": null,
  "telephoneNumber": null,
  "thumbnailPhoto@odata.mediaEditLink": "directoryObjects/c0443e3c-c6aa-4ac5-ad98-0a0f788a2b54/Microsoft.DirectoryServices.User/thumbnailPhoto",
  "usageLocation": null,
  "userIdentities": [],
  "userPrincipalName": "testuser17@chimpraceraim.onmicrosoft.com",
  "userState": null,
  "userStateChangedOn": null,
  "userType": "Member"
}
Attempt 1 - Creating TestUser18@chimpraceraim.onmicrosoft.com
{
  "accountEnabled": true,
  "ageGroup": null,
  "assignedLicenses": [],
  "assignedPlans": [],
  "city": null,
  "companyName": null,
  "consentProvidedForMinor": null,
  "country": null,
  "createdDateTime": null,
  "creationType": null,
  "deletionTimestamp": null,
  "department": null,
  "dirSyncEnabled": null,
  "displayName": "TestUser18",
  "employeeId": null,
  "facsimileTelephoneNumber": null,
  "givenName": null,
  "immutableId": null,
  "isCompromised": null,
  "jobTitle": null,
  "lastDirSyncTime": null,
  "legalAgeGroupClassification": null,
  "mail": null,
  "mailNickname": "testuser18",
  "mobile": null,
  "objectId": "74103c6f-6f03-4829-8eb9-f62aa8f39303",
  "objectType": "User",
  "odata.metadata": "https://graph.windows.net/ff5cf5e9-1096-4567-b4b8-f439670927f5/$metadata#directoryObjects/@Element",
  "odata.type": "Microsoft.DirectoryServices.User",
  "onPremisesDistinguishedName": null,
  "onPremisesSecurityIdentifier": null,
  "otherMails": [],
  "passwordPolicies": null,
  "passwordProfile": null,
  "physicalDeliveryOfficeName": null,
  "postalCode": null,
  "preferredLanguage": null,
  "provisionedPlans": [],
  "provisioningErrors": [],
  "proxyAddresses": [],
  "refreshTokensValidFromDateTime": "2022-03-29T19:20:36.3872849Z",
  "showInAddressList": null,
  "signInNames": [],
  "sipProxyAddress": null,
  "state": null,
  "streetAddress": null,
  "surname": null,
  "telephoneNumber": null,
  "thumbnailPhoto@odata.mediaEditLink": "directoryObjects/74103c6f-6f03-4829-8eb9-f62aa8f39303/Microsoft.DirectoryServices.User/thumbnailPhoto",
  "usageLocation": null,
  "userIdentities": [],
  "userPrincipalName": "testuser18@chimpraceraim.onmicrosoft.com",
  "userState": null,
  "userStateChangedOn": null,
  "userType": "Member"
}
Attempt 1 - Creating TestUser19@chimpraceraim.onmicrosoft.com
{
  "accountEnabled": true,
  "ageGroup": null,
  "assignedLicenses": [],
  "assignedPlans": [],
  "city": null,
  "companyName": null,
  "consentProvidedForMinor": null,
  "country": null,
  "createdDateTime": null,
  "creationType": null,
  "deletionTimestamp": null,
  "department": null,
  "dirSyncEnabled": null,
  "displayName": "TestUser19",
  "employeeId": null,
  "facsimileTelephoneNumber": null,
  "givenName": null,
  "immutableId": null,
  "isCompromised": null,
  "jobTitle": null,
  "lastDirSyncTime": null,
  "legalAgeGroupClassification": null,
  "mail": null,
  "mailNickname": "testuser19",
  "mobile": null,
  "objectId": "ff78df4e-b864-465c-8211-0d1b028fd12f",
  "objectType": "User",
  "odata.metadata": "https://graph.windows.net/ff5cf5e9-1096-4567-b4b8-f439670927f5/$metadata#directoryObjects/@Element",
  "odata.type": "Microsoft.DirectoryServices.User",
  "onPremisesDistinguishedName": null,
  "onPremisesSecurityIdentifier": null,
  "otherMails": [],
  "passwordPolicies": null,
  "passwordProfile": null,
  "physicalDeliveryOfficeName": null,
  "postalCode": null,
  "preferredLanguage": null,
  "provisionedPlans": [],
  "provisioningErrors": [],
  "proxyAddresses": [],
  "refreshTokensValidFromDateTime": "2022-03-29T19:20:40.5435758Z",
  "showInAddressList": null,
  "signInNames": [],
  "sipProxyAddress": null,
  "state": null,
  "streetAddress": null,
  "surname": null,
  "telephoneNumber": null,
  "thumbnailPhoto@odata.mediaEditLink": "directoryObjects/ff78df4e-b864-465c-8211-0d1b028fd12f/Microsoft.DirectoryServices.User/thumbnailPhoto",
  "usageLocation": null,
  "userIdentities": [],
  "userPrincipalName": "testuser19@chimpraceraim.onmicrosoft.com",
  "userState": null,
  "userStateChangedOn": null,
  "userType": "Member"
}
Attempt 1 - Creating TestUser20@chimpraceraim.onmicrosoft.com
{
  "accountEnabled": true,
  "ageGroup": null,
  "assignedLicenses": [],
  "assignedPlans": [],
  "city": null,
  "companyName": null,
  "consentProvidedForMinor": null,
  "country": null,
  "createdDateTime": null,
  "creationType": null,
  "deletionTimestamp": null,
  "department": null,
  "dirSyncEnabled": null,
  "displayName": "TestUser20",
  "employeeId": null,
  "facsimileTelephoneNumber": null,
  "givenName": null,
  "immutableId": null,
  "isCompromised": null,
  "jobTitle": null,
  "lastDirSyncTime": null,
  "legalAgeGroupClassification": null,
  "mail": null,
  "mailNickname": "testuser20",
  "mobile": null,
  "objectId": "b30be053-52d2-4231-bd3a-cd4e018f0bd3",
  "objectType": "User",
  "odata.metadata": "https://graph.windows.net/ff5cf5e9-1096-4567-b4b8-f439670927f5/$metadata#directoryObjects/@Element",
  "odata.type": "Microsoft.DirectoryServices.User",
  "onPremisesDistinguishedName": null,
  "onPremisesSecurityIdentifier": null,
  "otherMails": [],
  "passwordPolicies": null,
  "passwordProfile": null,
  "physicalDeliveryOfficeName": null,
  "postalCode": null,
  "preferredLanguage": null,
  "provisionedPlans": [],
  "provisioningErrors": [],
  "proxyAddresses": [],
  "refreshTokensValidFromDateTime": "2022-03-29T19:20:44.5123659Z",
  "showInAddressList": null,
  "signInNames": [],
  "sipProxyAddress": null,
  "state": null,
  "streetAddress": null,
  "surname": null,
  "telephoneNumber": null,
  "thumbnailPhoto@odata.mediaEditLink": "directoryObjects/b30be053-52d2-4231-bd3a-cd4e018f0bd3/Microsoft.DirectoryServices.User/thumbnailPhoto",
  "usageLocation": null,
  "userIdentities": [],
  "userPrincipalName": "testuser20@chimpraceraim.onmicrosoft.com",
  "userState": null,
  "userStateChangedOn": null,
  "userType": "Member"
}
